flic2unitySample/Temp/gradleOut/unityLibrary/build/intermediates/manifest_merge_blame_file/debug/manifest-merger-blame-debug-report.txt
1<?xml version="1.0" encoding="utf-8"?>
2<manifest xmlns:android="http://schemas.android.com/apk/res/android"
3    xmlns:tools="http://schemas.android.com/tools"
4    package="com.unity3d.player"
5    android:installLocation="preferExternal"
6    android:versionCode="1"
7    android:versionName="0.1" >
8
9    <uses-sdk
10        android:minSdkVersion="19"
10-->src/main/AndroidManifest.xml
11        android:targetSdkVersion="28" />
11-->src/main/AndroidManifest.xml
12
13    <supports-screens
13-->src/main/AndroidManifest.xml:3:3-163
14        android:anyDensity="true"
14-->src/main/AndroidManifest.xml:3:135-160
15        android:largeScreens="true"
15-->src/main/AndroidManifest.xml:3:78-105
16        android:normalScreens="true"
16-->src/main/AndroidManifest.xml:3:49-77
17        android:smallScreens="true"
17-->src/main/AndroidManifest.xml:3:21-48
18        android:xlargeScreens="true" />
18-->src/main/AndroidManifest.xml:3:106-134
19
20    <uses-permission android:name="android.permission.ACCESS_FINE_LOCATION" />
20-->src/main/AndroidManifest.xml:19:3-77
20-->src/main/AndroidManifest.xml:19:20-74
21    <uses-permission android:name="android.permission.BLUETOOTH_ADMIN" />
21-->src/main/AndroidManifest.xml:20:3-72
21-->src/main/AndroidManifest.xml:20:20-69
22    <uses-permission android:name="android.permission.BLUETOOTH" />
22-->src/main/AndroidManifest.xml:21:3-66
22-->src/main/AndroidManifest.xml:21:20-63
23
24    <uses-feature
24-->src/main/AndroidManifest.xml:22:3-89
25        android:name="android.hardware.bluetooth_le"
25-->src/main/AndroidManifest.xml:22:17-61
26        android:required="false" />
26-->src/main/AndroidManifest.xml:22:62-86
27    <uses-feature android:glEsVersion="0x00030000" />
27-->src/main/AndroidManifest.xml:23:3-52
27-->src/main/AndroidManifest.xml:23:17-49
28    <uses-feature
28-->src/main/AndroidManifest.xml:24:3-91
29        android:name="android.hardware.vulkan.version"
29-->src/main/AndroidManifest.xml:24:17-63
30        android:required="false" />
30-->src/main/AndroidManifest.xml:24:64-88
31
32    <uses-permission android:name="android.permission.INTERNET" />
32-->src/main/AndroidManifest.xml:25:3-65
32-->src/main/AndroidManifest.xml:25:20-62
33
34    <uses-feature
34-->src/main/AndroidManifest.xml:26:3-88
35        android:name="android.hardware.touchscreen"
35-->src/main/AndroidManifest.xml:26:17-60
36        android:required="false" />
36-->src/main/AndroidManifest.xml:26:61-85
37    <uses-feature
37-->src/main/AndroidManifest.xml:27:3-99
38        android:name="android.hardware.touchscreen.multitouch"
38-->src/main/AndroidManifest.xml:27:17-71
39        android:required="false" />
39-->src/main/AndroidManifest.xml:27:72-96
40    <uses-feature
40-->src/main/AndroidManifest.xml:28:3-108
41        android:name="android.hardware.touchscreen.multitouch.distinct"
41-->src/main/AndroidManifest.xml:28:17-80
42        android:required="false" />
42-->src/main/AndroidManifest.xml:28:81-105
43
44    <application
44-->src/main/AndroidManifest.xml:4:3-18:17
45        android:icon="@mipmap/app_icon"
45-->src/main/AndroidManifest.xml:4:113-144
46        android:isGame="true"
46-->src/main/AndroidManifest.xml:4:91-112
47        android:label="@string/app_name"
47-->src/main/AndroidManifest.xml:4:58-90
48        android:theme="@style/UnityThemeSelector" >
48-->src/main/AndroidManifest.xml:4:16-57
49        <activity
49-->src/main/AndroidManifest.xml:5:5-13:16
50            android:name="com.unity3d.player.UnityPlayerActivity"
50-->src/main/AndroidManifest.xml:5:48-101
51            android:configChanges="mcc|mnc|locale|touchscreen|keyboard|keyboardHidden|navigation|orientation|screenLayout|uiMode|screenSize|smallestScreenSize|fontScale|layoutDirection|density"
51-->src/main/AndroidManifest.xml:5:173-354
52            android:hardwareAccelerated="false"
52-->src/main/AndroidManifest.xml:5:355-390
53            android:label="@string/app_name"
53-->src/main/AndroidManifest.xml:5:15-47
54            android:launchMode="singleTask"
54-->src/main/AndroidManifest.xml:5:141-172
55            android:screenOrientation="fullSensor" >
55-->src/main/AndroidManifest.xml:5:102-140
56            <intent-filter>
56-->src/main/AndroidManifest.xml:6:7-10:23
57                <action android:name="android.intent.action.MAIN" />
57-->src/main/AndroidManifest.xml:7:9-61
57-->src/main/AndroidManifest.xml:7:17-58
58
59                <category android:name="android.intent.category.LAUNCHER" />
59-->src/main/AndroidManifest.xml:8:9-69
59-->src/main/AndroidManifest.xml:8:19-66
60                <category android:name="android.intent.category.LEANBACK_LAUNCHER" />
60-->src/main/AndroidManifest.xml:9:9-78
60-->src/main/AndroidManifest.xml:9:19-75
61            </intent-filter>
62
63            <meta-data
63-->src/main/AndroidManifest.xml:11:7-82
64                android:name="unityplayer.UnityActivity"
64-->src/main/AndroidManifest.xml:11:18-58
65                android:value="true" />
65-->src/main/AndroidManifest.xml:11:59-79
66            <meta-data
66-->src/main/AndroidManifest.xml:12:7-78
67                android:name="android.notch_support"
67-->src/main/AndroidManifest.xml:12:18-54
68                android:value="true" />
68-->src/main/AndroidManifest.xml:12:55-75
69        </activity>
70
71        <meta-data
71-->src/main/AndroidManifest.xml:14:5-69
72            android:name="unity.splash-mode"
72-->src/main/AndroidManifest.xml:14:16-48
73            android:value="0" />
73-->src/main/AndroidManifest.xml:14:49-66
74        <meta-data
74-->src/main/AndroidManifest.xml:15:5-74
75            android:name="unity.splash-enable"
75-->src/main/AndroidManifest.xml:15:16-50
76            android:value="True" />
76-->src/main/AndroidManifest.xml:15:51-71
77        <meta-data
77-->src/main/AndroidManifest.xml:16:5-81
78            android:name="notch.config"
78-->src/main/AndroidManifest.xml:16:16-43
79            android:value="portrait|landscape" />
79-->src/main/AndroidManifest.xml:16:44-78
80        <meta-data
80-->src/main/AndroidManifest.xml:17:5-101
81            android:name="unity.build-id"
81-->src/main/AndroidManifest.xml:17:16-45
82            android:value="dc56bce9-4b11-49b4-b007-18d026ab7313" />
82-->src/main/AndroidManifest.xml:17:46-98
83    </application>
84
85</manifest>